#result of pip3 freeze

aniso8601==4.1.0
apturl==0.5.2
asn1crypto==0.24.0
atomicwrites==1.2.1
attrs==18.2.0
backcall==0.1.0
bleach==3.0.0
Brlapi==0.6.6
cached-property==1.5.1
certifi==2018.11.29
chardet==3.0.4
Click==7.0
command-not-found==0.3
configparser==3.5.0
cryptography==2.1.4
cupshelpers==1.0
cycler==0.10.0
decorator==4.3.0
defer==1.0.6
defusedxml==0.5.0
distro-info==0.18
docker==3.6.0
docker-compose==1.23.2
docker-pycreds==0.4.0
dockerpty==0.4.1
docopt==0.6.2
docutils==0.14
entrypoints==0.2.3
FixedWidth==1.3
Flask==1.0.2
Flask-RESTful==0.3.7
Flask-WTF==0.14.2
httplib2==0.9.2
ibm-cos-sdk==2.4.2
ibm-cos-sdk-core==2.4.2
ibm-cos-sdk-s3transfer==2.4.2
idna==2.8
ipykernel==5.0.0
ipython==7.0.1
ipython-genutils==0.2.0
ipywidgets==7.4.2
itsdangerous==1.1.0
jedi==0.13.1
Jinja2==2.10
jmespath==0.9.3
jsonschema==2.6.0
jupyter==1.0.0
jupyter-client==5.2.3
jupyter-console==6.0.0
jupyter-core==4.4.0
kazoo==2.5.0
keyring==10.6.0
keyrings.alt==3.0
kiwisolver==1.0.1
language-selector==0.1
launchpadlib==1.10.6
lazr.restfulclient==0.13.5
lazr.uri==1.0.3
louis==3.5.0
macaroonbakery==1.1.3
Mako==1.0.7
MarkupSafe==1.1.0
matplotlib==3.0.2
mistune==0.8.3
more-itertools==5.0.0
mysql-connector-python==2.1.6
nbconvert==5.4.0
nbformat==4.4.0
netifaces==0.10.4
notebook==5.7.0
numpy==1.15.4
oauth==1.0.1
olefile==0.45.1
pandas==0.23.4
pandocfilters==1.4.2
parso==0.3.1
pexpect==4.2.1
pickleshare==0.7.5
Pillow==5.1.0
pluggy==0.8.1
prometheus-client==0.4.0
prompt-toolkit==2.0.5
protobuf==3.0.0
ptyprocess==0.6.0
py==1.7.0
py4j==0.10.7
pycairo==1.16.2
pycrypto==2.6.1
pycups==1.9.73
Pygments==2.2.0
pygobject==3.26.1
pykafka==2.8.0
pymacaroons==0.13.0
pymongo==3.7.2
PyNaCl==1.1.2
pyparsing==2.3.0
pyRFC3339==1.0
pyspark==2.4.0
pytest==4.1.1
python-apt==1.6.2
python-dateutil==2.7.5
python-debian==0.1.32
pytz==2018.9
pyxdg==0.25
PyYAML==3.12
pyzmq==17.1.2
qtconsole==4.4.1
reportlab==3.4.0
requests==2.21.0
requests-unixsocket==0.1.5
scikit-learn==0.20.2
scipy==1.2.0
SecretStorage==2.3.1
Send2Trash==1.5.0
simplegeneric==0.8.1
simplejson==3.13.2
six==1.12.0
system-service==0.3
systemd-python==234
tabulate==0.8.2
terminado==0.8.1
testpath==0.4.2
texttable==0.9.1
tornado==5.1.1
traitlets==4.3.2
ubuntu-drivers-common==0.0.0
ufw==0.35
unattended-upgrades==0.1
urllib3==1.24.1
usb-creator==0.3.3
wadllib==1.3.2
wcwidth==0.1.7
webencodings==0.5.1
websocket-client==0.54.0
Werkzeug==0.14.1
widgetsnbextension==3.4.2
WTForms==2.2.1
xkit==0.0.0
xlrd==1.1.0
zope.interface==4.3.2

